#
# A fatal error has been detected by the Java Runtime Environment:
#
#  EXCEPTION_ACCESS_VIOLATION (0xc0000005) at pc=0x000000006e128624, pid=9752, tid=980
#
# JRE version: 7.0_11-b21
# Java VM: Java HotSpot(TM) 64-Bit Server VM (23.6-b04 mixed mode windows-amd64 compressed oops)
# Problematic frame:
# C  [awt.dll+0xb8624]  Java_sun_awt_Win32GraphicsEnvironment_isVistaOS+0xa40
#
# Failed to write core dump. Minidumps are not enabled by default on client versions of Windows
#
# If you would like to submit a bug report, please visit:
#   http://bugreport.sun.com/bugreport/crash.jsp
# The crash happened outside the Java Virtual Machine in native code.
# See problematic frame for where to report the bug.
#

---------------  T H R E A D  ---------------

Current thread (0x000000000c64e800):  JavaThread "AWT-EventQueue-0" [_thread_in_native, id=980, stack(0x000000000dbe0000,0x000000000dde0000)]

siginfo: ExceptionCode=0xc0000005, reading address 0x0000000000000008

Registers:
RAX=0x000000000000000d, RBX=0x000000000c64e9d8, RCX=0x0000000000000000, RDX=0xffffffffe6011e49
RSP=0x000000000ddddd38, RBP=0x000000000c64e9d8, RSI=0x00000000126357d0, RDI=0x000000000aeac7b0
R8 =0x000000000ddddcf8, R9 =0x0000000000000005, R10=0x0000000000000000, R11=0x0000000000000202
R12=0xffffffffe6011e49, R13=0x0000000000000000, R14=0x0000000000000000, R15=0x000000000c64e800
RIP=0x000000006e128624, EFLAGS=0x0000000000010206

Top of Stack: (sp=0x000000000ddddd38)
0x000000000ddddd38:   000000006e0e9589 000000000c64e9d8
0x000000000ddddd48:   000000000c64e9d8 00000000126357d0
0x000000000ddddd58:   00000000126357d0 0000000000000000
0x000000000ddddd68:   00000000126357d0 000000000ddde3f8
0x000000000ddddd78:   000000006e0ca6b1 000000000c64e9d8
0x000000000ddddd88:   0000000000000000 000000000dddde01
0x000000000ddddd98:   00000000f9814f70 000000000f8a5890
0x000000000ddddda8:   000000006e0e627a 000000000ddde3f8
0x000000000dddddb8:   000000000ddddeb0 000000000c64e9d8
0x000000000dddddc8:   00000000f9815228 000000000000001f
0x000000000dddddd8:   0000000000000000 00000000d1912ec0
0x000000000ddddde8:   0000000000000000 000000000dddde90
0x000000000dddddf8:   00000000f975d6d8 00000000d00d0a68
0x000000000dddde08:   00000000031ce66c 00000000d003fdf8
0x000000000dddde18:   00000000000002f3 0000001b00000000
0x000000000dddde28:   000000000ddde400 000000000c64e9d8 

Instructions: (pc=0x000000006e128624)
0x000000006e128604:   5e 41 5d 41 5c 5f c3 cc 48 8b 41 08 48 05 00 04
0x000000006e128614:   00 00 c3 cc 48 8b 41 08 48 8b 80 18 0c 00 00 c3
0x000000006e128624:   48 8b 49 08 48 85 c9 74 05 e9 0e 72 fe ff 33 c0
0x000000006e128634:   c3 cc cc cc 48 83 ec 28 48 8b 49 08 48 85 c9 74 


Register to memory mapping:

RAX=0x000000000000000d is an unknown value
RBX=0x000000000c64e9d8 is an unknown value
RCX=0x0000000000000000 is an unknown value
RDX=0xffffffffe6011e49 is an unknown value
RSP=0x000000000ddddd38 is pointing into the stack for thread: 0x000000000c64e800
RBP=0x000000000c64e9d8 is an unknown value
RSI=0x00000000126357d0 is an unknown value
RDI=0x000000000aeac7b0 is an unknown value
R8 =0x000000000ddddcf8 is pointing into the stack for thread: 0x000000000c64e800
R9 =0x0000000000000005 is an unknown value
R10=0x0000000000000000 is an unknown value
R11=0x0000000000000202 is an unknown value
R12=0xffffffffe6011e49 is an unknown value
R13=0x0000000000000000 is an unknown value
R14=0x0000000000000000 is an unknown value
R15=0x000000000c64e800 is a thread


Stack: [0x000000000dbe0000,0x000000000dde0000],  sp=0x000000000ddddd38,  free space=2039k
Native frames: (J=compiled Java code, j=interpreted, Vv=VM code, C=native code)
C  [awt.dll+0xb8624]  Java_sun_awt_Win32GraphicsEnvironment_isVistaOS+0xa40

Java frames: (J=compiled Java code, j=interpreted, Vv=VM code)
J  sun.java2d.windows.GDIBlitLoops.nativeBlit(Lsun/java2d/SurfaceData;Lsun/java2d/SurfaceData;Lsun/java2d/pipe/Region;IIIIIIIIIZ)V
J  sun.java2d.windows.GDIBlitLoops.Blit(Lsun/java2d/SurfaceData;Lsun/java2d/SurfaceData;Ljava/awt/Composite;Lsun/java2d/pipe/Region;IIIIII)V
J  javax.swing.RepaintManager$PaintManager.paintDoubleBuffered(Ljavax/swing/JComponent;Ljava/awt/Image;Ljava/awt/Graphics;IIII)V
J  javax.swing.RepaintManager$PaintManager.paint(Ljavax/swing/JComponent;Ljavax/swing/JComponent;Ljava/awt/Graphics;IIII)Z
j  javax.swing.RepaintManager.paint(Ljavax/swing/JComponent;Ljavax/swing/JComponent;Ljava/awt/Graphics;IIII)V+52
J  javax.swing.JComponent.paint(Ljava/awt/Graphics;)V
j  java.awt.GraphicsCallback$PaintCallback.run(Ljava/awt/Component;Ljava/awt/Graphics;)V+2
j  sun.awt.SunGraphicsCallback.runOneComponent(Ljava/awt/Component;Ljava/awt/Rectangle;Ljava/awt/Graphics;Ljava/awt/Shape;I)V+155
j  sun.awt.SunGraphicsCallback.runComponents([Ljava/awt/Component;Ljava/awt/Graphics;I)V+194
j  java.awt.Container.paint(Ljava/awt/Graphics;)V+58
j  java.awt.Window.paint(Ljava/awt/Graphics;)V+68
J  javax.swing.RepaintManager.paintDirtyRegions(Ljava/util/Map;)V
j  javax.swing.RepaintManager.paintDirtyRegions()V+46
j  javax.swing.RepaintManager.prePaintDirtyRegions()V+73
J  javax.swing.RepaintManager$ProcessingRunnable.run()V
J  java.awt.event.InvocationEvent.dispatch()V
J  java.awt.EventQueue.dispatchEventImpl(Ljava/awt/AWTEvent;Ljava/lang/Object;)V
J  java.awt.EventQueue$3.run()Ljava/lang/Object;
v  ~StubRoutines::call_stub
J  java.security.AccessController.doPrivileged(Ljava/security/PrivilegedAction;Ljava/security/AccessControlContext;)Ljava/lang/Object;
J  org.netbeans.core.TimableEventQueue.dispatchEvent(Ljava/awt/AWTEvent;)V
J  java.awt.EventDispatchThread.pumpOneEventForFilters(I)V
J  java.awt.EventDispatchThread.pumpEventsForFilter(ILjava/awt/Conditional;Ljava/awt/EventFilter;)V
j  java.awt.EventDispatchThread.pumpEventsForHierarchy(ILjava/awt/Conditional;Ljava/awt/Component;)V+11
j  java.awt.EventDispatchThread.pumpEvents(ILjava/awt/Conditional;)V+4
j  java.awt.EventDispatchThread.pumpEvents(Ljava/awt/Conditional;)V+3
j  java.awt.EventDispatchThread.run()V+9
v  ~StubRoutines::call_stub

---------------  P R O C E S S  ---------------

Java Threads: ( => current thread )
  0x000000000f64c000 JavaThread "Timeable Event Queue Watch Dog" daemon [_thread_in_vm, id=1116, stack(0x0000000010180000,0x0000000010380000)]
  0x000000000f655800 JavaThread "Editor Parsing Loop (201306052037)" daemon [_thread_blocked, id=8836, stack(0x00000000153d0000,0x00000000155d0000)]
  0x000000000f64e000 JavaThread "TimerQueue" daemon [_thread_blocked, id=9200, stack(0x00000000116a0000,0x00000000118a0000)]
  0x000000000f64b000 JavaThread "Worker-JM" [_thread_blocked, id=6756, stack(0x00000000114a0000,0x00000000116a0000)]
  0x000000000f64d800 JavaThread "Thread-3" daemon [_thread_blocked, id=10208, stack(0x00000000112a0000,0x00000000114a0000)]
  0x000000000f64a800 JavaThread "W32 File Monitor" daemon [_thread_in_native, id=1216, stack(0x0000000011c90000,0x0000000011e90000)]
  0x000000000cbd3000 JavaThread "File Watcher" daemon [_thread_blocked, id=4532, stack(0x00000000110a0000,0x00000000112a0000)]
  0x000000000cbd1000 JavaThread "Bundle File Closer" daemon [_thread_blocked, id=3968, stack(0x0000000010580000,0x0000000010780000)]
  0x000000000cbcf800 JavaThread "Framework Event Dispatcher" daemon [_thread_blocked, id=9904, stack(0x0000000010380000,0x0000000010580000)]
  0x000000000cbd0000 JavaThread "Framework Active Thread" [_thread_blocked, id=4748, stack(0x000000000ff80000,0x0000000010180000)]
  0x000000000c766800 JavaThread "org.netbeans.modules.debugger.jpda.visual AWT Access Loop" daemon [_thread_blocked, id=4184, stack(0x000000000dde0000,0x000000000dfe0000)]
=>0x000000000c64e800 JavaThread "AWT-EventQueue-0" [_thread_in_native, id=980, stack(0x000000000dbe0000,0x000000000dde0000)]
  0x000000000c5f5800 JavaThread "AWT-Windows" daemon [_thread_in_native, id=920, stack(0x000000000d9e0000,0x000000000dbe0000)]
  0x000000000c5f5000 JavaThread "AWT-Shutdown" [_thread_blocked, id=7368, stack(0x000000000d7e0000,0x000000000d9e0000)]
  0x000000000c5f4000 JavaThread "Java2D Disposer" daemon [_thread_blocked, id=7004, stack(0x000000000d5e0000,0x000000000d7e0000)]
  0x000000000c579000 JavaThread "RequestProcessor queue manager" daemon [_thread_blocked, id=6992, stack(0x000000000d3e0000,0x000000000d5e0000)]
  0x000000000c484800 JavaThread "CLI Requests Server" daemon [_thread_in_native, id=3104, stack(0x000000000cde0000,0x000000000cfe0000)]
  0x000000000c3ef800 JavaThread "Active Reference Queue Daemon" daemon [_thread_blocked, id=6828, stack(0x000000000cbe0000,0x000000000cde0000)]
  0x000000000abde000 JavaThread "Service Thread" daemon [_thread_blocked, id=8620, stack(0x000000000bfe0000,0x000000000c1e0000)]
  0x000000000abdb000 JavaThread "C2 CompilerThread1" daemon [_thread_blocked, id=4456, stack(0x000000000bde0000,0x000000000bfe0000)]
  0x000000000abcc800 JavaThread "C2 CompilerThread0" daemon [_thread_blocked, id=4252, stack(0x000000000bbe0000,0x000000000bde0000)]
  0x000000000abc1000 JavaThread "JDWP Command Reader" daemon [_thread_in_native, id=3268, stack(0x000000000b9e0000,0x000000000bbe0000)]
  0x000000000abbe000 JavaThread "JDWP Event Helper Thread" daemon [_thread_blocked, id=6776, stack(0x000000000b6e0000,0x000000000b8e0000)]
  0x000000000abb8000 JavaThread "JDWP Transport Listener: dt_socket" daemon [_thread_blocked, id=3816, stack(0x000000000b4e0000,0x000000000b6e0000)]
  0x000000000aba1800 JavaThread "Attach Listener" daemon [_thread_blocked, id=5276, stack(0x000000000b2e0000,0x000000000b4e0000)]
  0x000000000aba0000 JavaThread "Signal Dispatcher" daemon [_thread_blocked, id=6240, stack(0x000000000b0e0000,0x000000000b2e0000)]
  0x00000000027b1000 JavaThread "Finalizer" daemon [_thread_blocked, id=740, stack(0x000000000a950000,0x000000000ab50000)]
  0x00000000027a8000 JavaThread "Reference Handler" daemon [_thread_blocked, id=10160, stack(0x000000000a750000,0x000000000a950000)]
  0x00000000024c2800 JavaThread "main" [_thread_blocked, id=7148, stack(0x0000000000040000,0x0000000000240000)]

Other Threads:
  0x0000000002719800 VMThread [stack: 0x000000000a550000,0x000000000a750000] [id=2852]
  0x000000000abec800 WatcherThread [stack: 0x000000000c1e0000,0x000000000c3e0000] [id=5844]

VM state:not at safepoint (normal execution)

VM Mutex/Monitor currently owned by a thread:  ([mutex/lock_event])
[0x00000000024beb50] Threads_lock - owner thread: 0x000000000f64c000

Heap
 PSYoungGen      total 222592K, used 160846K [0x00000000f0000000, 0x00000000fe6b0000, 0x0000000100000000)
  eden space 209216K, 74% used [0x00000000f0000000,0x00000000f9887a48,0x00000000fcc50000)
  from space 13376K, 34% used [0x00000000fd9a0000,0x00000000fde2c098,0x00000000fe6b0000)
  to   space 13504K, 0% used [0x00000000fcc50000,0x00000000fcc50000,0x00000000fd980000)
 ParOldGen       total 134592K, used 72005K [0x00000000d0000000, 0x00000000d8370000, 0x00000000f0000000)
  object space 134592K, 53% used [0x00000000d0000000,0x00000000d46516a8,0x00000000d8370000)
 PSPermGen       total 125312K, used 85910K [0x00000000b8000000, 0x00000000bfa60000, 0x00000000d0000000)
  object space 125312K, 68% used [0x00000000b8000000,0x00000000bd3e5ad0,0x00000000bfa60000)

Card table byte_map: [0x0000000005b20000,0x0000000005d70000] byte_map_base: 0x0000000005560000

Polling page: 0x00000000007b0000

Code Cache  [0x0000000002b20000, 0x00000000036b0000, 0x0000000005b20000)
 total_blobs=3821 nmethods=3127 adapters=651 free_code_cache=37482Kb largest_free_block=38230208

Compilation events (10 events):
Event: 37117.010 Thread 0x000000000abcc800 3511             java.util.Collections$EmptyList::equals (25 bytes)
Event: 37117.011 Thread 0x000000000abcc800 nmethod 3511 0x0000000003618e10 code [0x0000000003618f60, 0x0000000003618fd8]
Event: 37127.531 Thread 0x000000000abdb000 3512  s          sun.awt.im.InputContext::getInputMethod (34 bytes)
Event: 37127.532 Thread 0x000000000abdb000 nmethod 3512 0x0000000003632110 code [0x0000000003632240, 0x0000000003632458]
Event: 37158.438 Thread 0x000000000abcc800 3513             sun.awt.im.InputContext::dispatchEvent (173 bytes)
Event: 37158.448 Thread 0x000000000abcc800 nmethod 3513 0x0000000003632a10 code [0x0000000003632c20, 0x00000000036335d0]
Event: 37399.773 Thread 0x000000000abdb000 3514             java.util.LinkedHashMap::init (35 bytes)
Event: 37399.775 Thread 0x000000000abdb000 nmethod 3514 0x0000000003632710 code [0x0000000003632860, 0x0000000003632938]
Event: 37563.188 Thread 0x000000000abcc800 3515             com.sun.jna.Structure::getNativeAlignment (641 bytes)
Event: 37563.204 Thread 0x000000000abcc800 nmethod 3515 0x0000000003568c50 code [0x0000000003568e60, 0x00000000035699c0]

GC Heap History (10 events):
Event: 33946.242 GC heap before
{Heap before GC invocations=60 (full 4):
 PSYoungGen      total 214464K, used 214426K [0x00000000f0000000, 0x00000000fea30000, 0x0000000100000000)
  eden space 208640K, 100% used [0x00000000f0000000,0x00000000fcbc0000,0x00000000fcbc0000)
  from space 5824K, 99% used [0x00000000fcbc0000,0x00000000fd166938,0x00000000fd170000)
  to   space 15488K, 0% used [0x00000000fdb10000,0x00000000fdb10000,0x00000000fea30000)
 ParOldGen       total 134592K, used 71109K [0x00000000d0000000, 0x00000000d8370000, 0x00000000f0000000)
  object space 134592K, 52% used [0x00000000d0000000,0x00000000d45715a0,0x00000000d8370000)
 PSPermGen       total 125312K, used 85842K [0x00000000b8000000, 0x00000000bfa60000, 0x00000000d0000000)
  object space 125312K, 68% used [0x00000000b8000000,0x00000000bd3d4a90,0x00000000bfa60000)
Event: 33946.257 GC heap after
Heap after GC invocations=60 (full 4):
 PSYoungGen      total 223552K, used 5959K [0x00000000f0000000, 0x00000000fe970000, 0x0000000100000000)
  eden space 208832K, 0% used [0x00000000f0000000,0x00000000f0000000,0x00000000fcbf0000)
  from space 14720K, 40% used [0x00000000fdb10000,0x00000000fe0e1f60,0x00000000fe970000)
  to   space 15104K, 0% used [0x00000000fcbf0000,0x00000000fcbf0000,0x00000000fdab0000)
 ParOldGen       total 134592K, used 71221K [0x00000000d0000000, 0x00000000d8370000, 0x00000000f0000000)
  object space 134592K, 52% used [0x00000000d0000000,0x00000000d458d5a0,0x00000000d8370000)
 PSPermGen       total 125312K, used 85842K [0x00000000b8000000, 0x00000000bfa60000, 0x00000000d0000000)
  object space 125312K, 68% used [0x00000000b8000000,0x00000000bd3d4a90,0x00000000bfa60000)
}
Event: 34078.023 GC heap before
{Heap before GC invocations=61 (full 4):
 PSYoungGen      total 223552K, used 214791K [0x00000000f0000000, 0x00000000fe970000, 0x0000000100000000)
  eden space 208832K, 100% used [0x00000000f0000000,0x00000000fcbf0000,0x00000000fcbf0000)
  from space 14720K, 40% used [0x00000000fdb10000,0x00000000fe0e1f60,0x00000000fe970000)
  to   space 15104K, 0% used [0x00000000fcbf0000,0x00000000fcbf0000,0x00000000fdab0000)
 ParOldGen       total 134592K, used 71221K [0x00000000d0000000, 0x00000000d8370000, 0x00000000f0000000)
  object space 134592K, 52% used [0x00000000d0000000,0x00000000d458d5a0,0x00000000d8370000)
 PSPermGen       total 125312K, used 85850K [0x00000000b8000000, 0x00000000bfa60000, 0x00000000d0000000)
  object space 125312K, 68% used [0x00000000b8000000,0x00000000bd3d6898,0x00000000bfa60000)
Event: 34078.039 GC heap after
Heap after GC invocations=61 (full 4):
 PSYoungGen      total 215552K, used 6707K [0x00000000f0000000, 0x00000000fe8a0000, 0x0000000100000000)
  eden space 208832K, 0% used [0x00000000f0000000,0x00000000f0000000,0x00000000fcbf0000)
  from space 6720K, 99% used [0x00000000fcbf0000,0x00000000fd27cc50,0x00000000fd280000)
  to   space 14592K, 0% used [0x00000000fda60000,0x00000000fda60000,0x00000000fe8a0000)
 ParOldGen       total 134592K, used 71309K [0x00000000d0000000, 0x00000000d8370000, 0x00000000f0000000)
  object space 134592K, 52% used [0x00000000d0000000,0x00000000d45a35a0,0x00000000d8370000)
 PSPermGen       total 125312K, used 85850K [0x00000000b8000000, 0x00000000bfa60000, 0x00000000d0000000)
  object space 125312K, 68% used [0x00000000b8000000,0x00000000bd3d6898,0x00000000bfa60000)
}
Event: 35854.708 GC heap before
{Heap before GC invocations=62 (full 4):
 PSYoungGen      total 215552K, used 215539K [0x00000000f0000000, 0x00000000fe8a0000, 0x0000000100000000)
  eden space 208832K, 100% used [0x00000000f0000000,0x00000000fcbf0000,0x00000000fcbf0000)
  from space 6720K, 99% used [0x00000000fcbf0000,0x00000000fd27cc50,0x00000000fd280000)
  to   space 14592K, 0% used [0x00000000fda60000,0x00000000fda60000,0x00000000fe8a0000)
 ParOldGen       total 134592K, used 71309K [0x00000000d0000000, 0x00000000d8370000, 0x00000000f0000000)
  object space 134592K, 52% used [0x00000000d0000000,0x00000000d45a35a0,0x00000000d8370000)
 PSPermGen       total 125312K, used 85867K [0x00000000b8000000, 0x00000000bfa60000, 0x00000000d0000000)
  object space 125312K, 68% used [0x00000000b8000000,0x00000000bd3daec0,0x00000000bfa60000)
Event: 35854.732 GC heap after
Heap after GC invocations=62 (full 4):
 PSYoungGen      total 222336K, used 7588K [0x00000000f0000000, 0x00000000fe760000, 0x0000000100000000)
  eden space 209024K, 0% used [0x00000000f0000000,0x00000000f0000000,0x00000000fcc20000)
  from space 13312K, 57% used [0x00000000fda60000,0x00000000fe1c9370,0x00000000fe760000)
  to   space 13952K, 0% used [0x00000000fcc20000,0x00000000fcc20000,0x00000000fd9c0000)
 ParOldGen       total 134592K, used 71365K [0x00000000d0000000, 0x00000000d8370000, 0x00000000f0000000)
  object space 134592K, 53% used [0x00000000d0000000,0x00000000d45b15a0,0x00000000d8370000)
 PSPermGen       total 125312K, used 85867K [0x00000000b8000000, 0x00000000bfa60000, 0x00000000d0000000)
  object space 125312K, 68% used [0x00000000b8000000,0x00000000bd3daec0,0x00000000bfa60000)
}
Event: 35907.212 GC heap before
{Heap before GC invocations=63 (full 4):
 PSYoungGen      total 222336K, used 216612K [0x00000000f0000000, 0x00000000fe760000, 0x0000000100000000)
  eden space 209024K, 100% used [0x00000000f0000000,0x00000000fcc20000,0x00000000fcc20000)
  from space 13312K, 57% used [0x00000000fda60000,0x00000000fe1c9370,0x00000000fe760000)
  to   space 13952K, 0% used [0x00000000fcc20000,0x00000000fcc20000,0x00000000fd9c0000)
 ParOldGen       total 134592K, used 71365K [0x00000000d0000000, 0x00000000d8370000, 0x00000000f0000000)
  object space 134592K, 53% used [0x00000000d0000000,0x00000000d45b15a0,0x00000000d8370000)
 PSPermGen       total 125312K, used 85867K [0x00000000b8000000, 0x00000000bfa60000, 0x00000000d0000000)
  object space 125312K, 68% used [0x00000000b8000000,0x00000000bd3daee0,0x00000000bfa60000)
Event: 35907.227 GC heap after
Heap after GC invocations=63 (full 4):
 PSYoungGen      total 215232K, used 6189K [0x00000000f0000000, 0x00000000fe6f0000, 0x0000000100000000)
  eden space 209024K, 0% used [0x00000000f0000000,0x00000000f0000000,0x00000000fcc20000)
  from space 6208K, 99% used [0x00000000fcc20000,0x00000000fd22b578,0x00000000fd230000)
  to   space 13632K, 0% used [0x00000000fd9a0000,0x00000000fd9a0000,0x00000000fe6f0000)
 ParOldGen       total 134592K, used 71941K [0x00000000d0000000, 0x00000000d8370000, 0x00000000f0000000)
  object space 134592K, 53% used [0x00000000d0000000,0x00000000d4641698,0x00000000d8370000)
 PSPermGen       total 125312K, used 85867K [0x00000000b8000000, 0x00000000bfa60000, 0x00000000d0000000)
  object space 125312K, 68% used [0x00000000b8000000,0x00000000bd3daee0,0x00000000bfa60000)
}
Event: 36848.653 GC heap before
{Heap before GC invocations=64 (full 4):
 PSYoungGen      total 215232K, used 215213K [0x00000000f0000000, 0x00000000fe6f0000, 0x0000000100000000)
  eden space 209024K, 100% used [0x00000000f0000000,0x00000000fcc20000,0x00000000fcc20000)
  from space 6208K, 99% used [0x00000000fcc20000,0x00000000fd22b578,0x00000000fd230000)
  to   space 13632K, 0% used [0x00000000fd9a0000,0x00000000fd9a0000,0x00000000fe6f0000)
 ParOldGen       total 134592K, used 71941K [0x00000000d0000000, 0x00000000d8370000, 0x00000000f0000000)
  object space 134592K, 53% used [0x00000000d0000000,0x00000000d4641698,0x00000000d8370000)
 PSPermGen       total 125312K, used 85901K [0x00000000b8000000, 0x00000000bfa60000, 0x00000000d0000000)
  object space 125312K, 68% used [0x00000000b8000000,0x00000000bd3e37d0,0x00000000bfa60000)
Event: 36848.671 GC heap after
Heap after GC invocations=64 (full 4):
 PSYoungGen      total 222592K, used 4656K [0x00000000f0000000, 0x00000000fe6b0000, 0x0000000100000000)
  eden space 209216K, 0% used [0x00000000f0000000,0x00000000f0000000,0x00000000fcc50000)
  from space 13376K, 34% used [0x00000000fd9a0000,0x00000000fde2c098,0x00000000fe6b0000)
  to   space 13504K, 0% used [0x00000000fcc50000,0x00000000fcc50000,0x00000000fd980000)
 ParOldGen       total 134592K, used 72005K [0x00000000d0000000, 0x00000000d8370000, 0x00000000f0000000)
  object space 134592K, 53% used [0x00000000d0000000,0x00000000d46516a8,0x00000000d8370000)
 PSPermGen       total 125312K, used 85901K [0x00000000b8000000, 0x00000000bfa60000, 0x00000000d0000000)
  object space 125312K, 68% used [0x00000000b8000000,0x00000000bd3e37d0,0x00000000bfa60000)
}

Deoptimization events (10 events):
Event: 36269.881 Thread 0x000000000f64c000 Uncommon trap -34 fr.pc 0x0000000002dffe34
Event: 37116.964 Thread 0x000000000c64e800 Uncommon trap -58 fr.pc 0x000000000352eff0
Event: 37175.289 Thread 0x000000000c64e800 Uncommon trap -34 fr.pc 0x000000000362c3a4
Event: 37175.290 Thread 0x000000000c64e800 Uncommon trap -34 fr.pc 0x000000000362c3a4
Event: 37188.152 Thread 0x000000000c64e800 Uncommon trap -34 fr.pc 0x000000000362c3a4
Event: 37565.728 Thread 0x000000000f64a800 Uncommon trap -12 fr.pc 0x00000000035693f8
Event: 37614.205 Thread 0x000000000c64e800 Uncommon trap -83 fr.pc 0x00000000035b9f88
Event: 37614.275 Thread 0x000000000c64e800 Uncommon trap -83 fr.pc 0x000000000363dbf4
Event: 37614.288 Thread 0x000000000c64e800 Uncommon trap -83 fr.pc 0x00000000034db79c
Event: 37614.373 Thread 0x000000000c64e800 Uncommon trap -34 fr.pc 0x000000000362c3a4

Internal exceptions (10 events):
Event: 36262.014 Thread 0x000000000f64c000 Threw 0x00000000f6705ab8 at C:\jdk7u1_64p\jdk7u11\hotspot\src\share\vm\oops\constantPoolOop.cpp:95
Event: 36269.685 Thread 0x000000000f64c000 Threw 0x00000000f6b69188 at C:\jdk7u1_64p\jdk7u11\hotspot\src\share\vm\oops\constantPoolOop.cpp:95
Event: 36269.882 Thread 0x000000000f64c000 Threw 0x00000000f6ddd998 at C:\jdk7u1_64p\jdk7u11\hotspot\src\share\vm\oops\constantPoolOop.cpp:95
Event: 36275.301 Thread 0x000000000f64c000 Threw 0x00000000f725cb08 at C:\jdk7u1_64p\jdk7u11\hotspot\src\share\vm\oops\constantPoolOop.cpp:95
Event: 36275.438 Thread 0x000000000f64c000 Threw 0x00000000f757b938 at C:\jdk7u1_64p\jdk7u11\hotspot\src\share\vm\oops\constantPoolOop.cpp:95
Event: 36703.765 Thread 0x000000000f64c000 Threw 0x00000000f8e43a70 at C:\jdk7u1_64p\jdk7u11\hotspot\src\share\vm\oops\constantPoolOop.cpp:95
Event: 36703.776 Thread 0x000000000f64c000 Threw 0x00000000f8e51b38 at C:\jdk7u1_64p\jdk7u11\hotspot\src\share\vm\oops\constantPoolOop.cpp:95
Event: 37118.632 Thread 0x000000000f64f800 Threw 0x00000000f4f39140 at C:\jdk7u1_64p\jdk7u11\hotspot\src\share\vm\oops\constantPoolOop.cpp:95
Event: 37120.149 Thread 0x000000000f64f800 Threw 0x00000000f5b4b030 at C:\jdk7u1_64p\jdk7u11\hotspot\src\share\vm\oops\constantPoolOop.cpp:95
Event: 37413.896 Thread 0x000000000f64f800 Threw 0x00000000f743ad18 at C:\jdk7u1_64p\jdk7u11\hotspot\src\share\vm\prims\jni.cpp:742

Events (10 events):
Event: 37568.551 Thread 0x000000000f64c000 Thread exited: 0x000000000f64c000
Event: 37597.909 Thread 0x000000000f64f800 Thread exited: 0x000000000f64f800
Event: 37614.205 Thread 0x000000000c64e800 DEOPT PACKING pc=0x00000000035b9f88 sp=0x000000000dddea70
Event: 37614.205 Thread 0x000000000c64e800 DEOPT UNPACKING pc=0x0000000002b59164 sp=0x000000000dddea10 mode 2
Event: 37614.275 Thread 0x000000000c64e800 DEOPT PACKING pc=0x000000000363dbf4 sp=0x000000000dddd990
Event: 37614.275 Thread 0x000000000c64e800 DEOPT UNPACKING pc=0x0000000002b59164 sp=0x000000000dddd820 mode 2
Event: 37614.288 Thread 0x000000000c64e800 DEOPT PACKING pc=0x00000000034db79c sp=0x000000000dddec90
Event: 37614.288 Thread 0x000000000c64e800 DEOPT UNPACKING pc=0x0000000002b59164 sp=0x000000000dddec50 mode 2
Event: 37614.373 Thread 0x000000000c64e800 DEOPT PACKING pc=0x000000000362c3a4 sp=0x000000000dddbc30
Event: 37614.373 Thread 0x000000000c64e800 DEOPT UNPACKING pc=0x0000000002b59164 sp=0x000000000dddbbf8 mode 2


Dynamic libraries:
0x0000000000400000 - 0x0000000000580000 	C:\Program Files\NetBeans 7.3.1\bin\netbeans64.exe
0x00007ffdaa4d0000 - 0x00007ffdaa67a000 	C:\WINDOWS\SYSTEM32\ntdll.dll
0x00007ffda9f80000 - 0x00007ffdaa0b8000 	C:\WINDOWS\system32\KERNEL32.DLL
0x00007ffda7a90000 - 0x00007ffda7b9e000 	C:\WINDOWS\system32\KERNELBASE.dll
0x00007ffda8930000 - 0x00007ffda89d4000 	C:\WINDOWS\system32\ADVAPI32.dll
0x00007ffda89e0000 - 0x00007ffda8a86000 	C:\WINDOWS\system32\msvcrt.dll
0x00007ffda8b50000 - 0x00007ffda9f14000 	C:\WINDOWS\system32\SHELL32.dll
0x00007ffdaa360000 - 0x00007ffdaa4d0000 	C:\WINDOWS\system32\USER32.dll
0x00007ffdaa120000 - 0x00007ffdaa177000 	C:\WINDOWS\SYSTEM32\sechost.dll
0x00007ffda8420000 - 0x00007ffda8559000 	C:\WINDOWS\system32\RPCRT4.dll
0x00007ffda8560000 - 0x00007ffda873b000 	C:\WINDOWS\SYSTEM32\combase.dll
0x00007ffda9f20000 - 0x00007ffda9f72000 	C:\WINDOWS\system32\SHLWAPI.dll
0x00007ffda80f0000 - 0x00007ffda8234000 	C:\WINDOWS\system32\GDI32.dll
0x00007ffda88f0000 - 0x00007ffda8924000 	C:\WINDOWS\system32\IMM32.DLL
0x00007ffdaa1b0000 - 0x00007ffdaa2df000 	C:\WINDOWS\system32\MSCTF.dll
0x00007ffda5e90000 - 0x00007ffda5f29000 	C:\WINDOWS\SYSTEM32\SHCORE.dll
0x0000000063c80000 - 0x0000000063dd4000 	C:\Program Files\NetBeans 7.3.1\platform\lib\nbexec64.dll
0x000000006e380000 - 0x000000006ea9f000 	C:\Program Files\Java\jdk1.7.0_11\jre\bin\server\jvm.dll
0x00007ffda4600000 - 0x00007ffda4609000 	C:\WINDOWS\SYSTEM32\WSOCK32.dll
0x00007ffda4660000 - 0x00007ffda4680000 	C:\WINDOWS\SYSTEM32\WINMM.dll
0x00007ffdaa180000 - 0x00007ffdaa187000 	C:\WINDOWS\system32\PSAPI.DLL
0x000000006e2a0000 - 0x000000006e371000 	C:\Program Files\Java\jdk1.7.0_11\jre\bin\MSVCR100.dll
0x00007ffdaa2e0000 - 0x00007ffdaa338000 	C:\WINDOWS\system32\WS2_32.dll
0x00007ffda4610000 - 0x00007ffda4639000 	C:\WINDOWS\SYSTEM32\WINMMBASE.dll
0x00007ffda88e0000 - 0x00007ffda88e9000 	C:\WINDOWS\system32\NSI.dll
0x000000006e260000 - 0x000000006e29f000 	C:\Program Files\Java\jdk1.7.0_11\jre\bin\splashscreen.dll
0x000000006ee90000 - 0x000000006ee9f000 	C:\Program Files\Java\jdk1.7.0_11\jre\bin\verify.dll
0x000000006e230000 - 0x000000006e258000 	C:\Program Files\Java\jdk1.7.0_11\jre\bin\java.dll
0x000000006df50000 - 0x000000006df85000 	C:\Program Files\Java\jdk1.7.0_11\jre\bin\jdwp.dll
0x000000006df40000 - 0x000000006df48000 	C:\Program Files\Java\jdk1.7.0_11\jre\bin\npt.dll
0x00007ffda6640000 - 0x00007ffda675a000 	C:\WINDOWS\system32\uxtheme.dll
0x000000006ee70000 - 0x000000006ee85000 	C:\Program Files\Java\jdk1.7.0_11\jre\bin\zip.dll
0x00007ffd9fd20000 - 0x00007ffd9fdb8000 	C:\Program Files\Common Files\microsoft shared\ink\tiptsf.dll
0x00007ffda8a90000 - 0x00007ffda8b4b000 	C:\WINDOWS\system32\OLEAUT32.dll
0x00007ffda7f70000 - 0x00007ffda80e4000 	C:\WINDOWS\system32\ole32.dll
0x00007ffda6600000 - 0x00007ffda660a000 	C:\WINDOWS\SYSTEM32\kernel.appcore.dll
0x00007ffda7790000 - 0x00007ffda779a000 	C:\WINDOWS\SYSTEM32\CRYPTBASE.dll
0x00007ffda7730000 - 0x00007ffda778e000 	C:\WINDOWS\SYSTEM32\bcryptPrimitives.dll
0x00007ffda48e0000 - 0x00007ffda4941000 	C:\WINDOWS\SYSTEM32\oleacc.dll
0x000000006df30000 - 0x000000006df39000 	C:\Program Files\Java\jdk1.7.0_11\jre\bin\dt_socket.dll
0x00007ffda7180000 - 0x00007ffda71d8000 	C:\WINDOWS\system32\mswsock.dll
0x00007ffda7dc0000 - 0x00007ffda7e65000 	C:\WINDOWS\SYSTEM32\clbcatq.dll
0x000000006edd0000 - 0x000000006ede9000 	C:\Program Files\Java\jdk1.7.0_11\jre\bin\net.dll
0x000000006e210000 - 0x000000006e221000 	C:\Program Files\Java\jdk1.7.0_11\jre\bin\nio.dll
0x00007ffda3450000 - 0x00007ffda3479000 	C:\WINDOWS\SYSTEM32\IPHLPAPI.DLL
0x00007ffda33e0000 - 0x00007ffda33ea000 	C:\WINDOWS\SYSTEM32\WINNSI.DLL
0x00007ffda2940000 - 0x00007ffda2954000 	C:\WINDOWS\SYSTEM32\dhcpcsvc6.DLL
0x00007ffda2bc0000 - 0x00007ffda2bd9000 	C:\WINDOWS\SYSTEM32\dhcpcsvc.DLL
0x00007ffda71e0000 - 0x00007ffda71fe000 	C:\WINDOWS\SYSTEM32\CRYPTSP.dll
0x00007ffda6dd0000 - 0x00007ffda6e05000 	C:\WINDOWS\system32\rsaenh.dll
0x00007ffda7410000 - 0x00007ffda7436000 	C:\WINDOWS\SYSTEM32\bcrypt.dll
0x00007ffda6f30000 - 0x00007ffda6f4e000 	C:\WINDOWS\SYSTEM32\USERENV.dll
0x00007ffda78c0000 - 0x00007ffda78d4000 	C:\WINDOWS\SYSTEM32\profapi.dll
0x00007ffda05a0000 - 0x00007ffda05b4000 	C:\WINDOWS\system32\napinsp.dll
0x00007ffda0580000 - 0x00007ffda0599000 	C:\WINDOWS\system32\pnrpnsp.dll
0x00007ffda3c10000 - 0x00007ffda3c29000 	C:\WINDOWS\system32\NLAapi.dll
0x00007ffda6f90000 - 0x00007ffda7033000 	C:\WINDOWS\SYSTEM32\DNSAPI.dll
0x00007ffda0570000 - 0x00007ffda057c000 	C:\WINDOWS\System32\winrnr.dll
0x00007ffda0550000 - 0x00007ffda0563000 	C:\WINDOWS\system32\wshbth.dll
0x00007ffda1870000 - 0x00007ffda1879000 	C:\Windows\System32\rasadhlp.dll
0x00007ffda2c00000 - 0x00007ffda2c67000 	C:\WINDOWS\System32\fwpuclnt.dll
0x000000006e070000 - 0x000000006e203000 	C:\Program Files\Java\jdk1.7.0_11\jre\bin\awt.dll
0x00007ffda3fe0000 - 0x00007ffda406c000 	C:\WINDOWS\system32\apphelp.dll
0x00007ffda5aa0000 - 0x00007ffda5ac1000 	C:\WINDOWS\system32\DWMAPI.DLL
0x00007ffda4f30000 - 0x00007ffda518c000 	C:\WINDOWS\WinSxS\amd64_microsoft.windows.common-controls_6595b64144ccf1df_6.0.9431.0_none_4c5a88cade1c4961\COMCTL32.dll
0x000000006e030000 - 0x000000006e064000 	C:\Program Files\Java\jdk1.7.0_11\jre\bin\fontmanager.dll
0x000000006dfe0000 - 0x000000006e021000 	C:\Program Files\Java\jdk1.7.0_11\jre\bin\t2k.dll
0x0000000180000000 - 0x0000000180038000 	C:\Program Files\NetBeans 7.3.1\platform\modules\lib\amd64\jnidispatch-340.dll
0x000000006dfd0000 - 0x000000006dfdb000 	C:\Program Files\Java\jdk1.7.0_11\jre\bin\management.dll
0x00007ffda79e0000 - 0x00007ffda7a81000 	C:\WINDOWS\WinSxS\amd64_microsoft.windows.common-controls_6595b64144ccf1df_5.82.9431.0_none_015e63004e5c9cba\comctl32.dll
0x00007ffda5f30000 - 0x00007ffda60c3000 	C:\WINDOWS\SYSTEM32\WindowsCodecs.dll
0x00007ffda7ba0000 - 0x00007ffda7d69000 	C:\WINDOWS\system32\Crypt32.dll
0x00007ffda7970000 - 0x00007ffda7982000 	C:\WINDOWS\system32\MSASN1.dll
0x00007ffda6c90000 - 0x00007ffda6c99000 	C:\WINDOWS\system32\DPAPI.dll
0x000000006de50000 - 0x000000006de74000 	C:\Program Files\Java\jdk1.7.0_11\jre\bin\sunec.dll
0x000000006de40000 - 0x000000006de4b000 	C:\Program Files\Java\jdk1.7.0_11\jre\bin\sunmscapi.dll
0x00007ffda5750000 - 0x00007ffda58d6000 	C:\WINDOWS\SYSTEM32\dbghelp.dll

VM Arguments:
jvm_args: -Dnetbeans.importclass=org.netbeans.upgrade.AutoUpgrade -Dnetbeans.accept_license_class=org.netbeans.license.AcceptLicense -client -Xss2m -Xms32m -XX:PermSize=32m -Dapple.laf.useScreenMenuBar=true -Dapple.awt.graphics.UseQuartz=true -Dsun.java2d.noddraw=true -Dsun.java2d.dpiaware=true -Dsun.zip.disableMemoryMapping=true -Xmx768m -XX:MaxPermSize=384m -Dnetbeans.logger.console=true -ea -Xdebug -Xrunjdwp:transport=dt_socket,suspend=y,server=n,address=127.0.0.1:53465 -Djdk.home=C:\Program Files\Java\jdk1.7.0_11 -splash:C:\Users\Abhishek\Documents\NetBeansProjects\nbcoq\build\testuserdir\var\cache\splash.png -Dnetbeans.home=C:\Program Files\NetBeans 7.3.1\platform -Dnetbeans.user=C:\Users\Abhishek\Documents\NetBeansProjects\nbcoq\build\testuserdir -Dnetbeans.default_userdir_root=C:\Users\Abhishek\AppData\Roaming\NetBeans -XX:+HeapDumpOnOutOfMemoryError -XX:HeapDumpPath=C:\Users\Abhishek\Documents\NetBeansProjects\nbcoq\build\testuserdir\var\log\heapdump.hprof -Dnetbeans.system_http_proxy=DIRECT -Dsun.awt.keepWorkingSetOnMinimize=true -Dnetbeans.dirs=C:\Program Files\NetBeans 7.3.1\nb;C:\Program Files\NetBeans 7.3.1\ergonomics;C:\Program Files\NetBeans 7.3.1\ide;C:\Program Files\NetBeans 7.3.1\java;C:\Program Files\NetBeans 7.3.1\apisupport;C:\Program Files\NetBeans 7.3.1\webcommon;C:\Program Files\NetBeans 7.3.1\websvccommon;C:\Program Files\NetBeans 7.3.1\enterprise;C:\Program Files\NetBeans 7.3.1\mobility;C:\Program Files\NetBeans 7.3.1\profiler;C:\Program Files\NetBeans 7.3.1\python;C:\Program Files\NetBeans 7.3.1\php;C:\Program Files\NetBeans 7.3.1\identity;C:\Program Files\NetBeans 7.3.1\harness;C:\Program Files\NetBeans 7.3.1\cnd;C:\Program Files\NetBeans 7.3.1\dlight;C:\Program Files\NetBeans 7.3.1\groovy;C:\Program Files\NetBeans 7.3.1\extra;C:\Program Files\NetBeans 7.3.1\javacard;C:\Program Files\NetBeans 7.3.1\javafx;C:\Users\Abhishek\Documents\NetBeansProjects\nbcoq\build\cluster exit 
java_command: <unknown>
Launcher Type: generic

Environment Variables:
PATH=C:\Program Files (x86)\Haskell\bin;C:\Program Files (x86)\Haskell Platform\2013.2.0.0\lib\extralibs\bin;C:\Program Files (x86)\Haskell Platform\2013.2.0.0\bin;C:\WINDOWS\system32;C:\WINDOWS;C:\WINDOWS\System32\Wbem;C:\WINDOWS\System32\WindowsPowerShell\v1.0\;C:\Program Files (x86)\MiKTeX 2.9\miktex\bin\;C:\Program Files (x86)\Bitvise SSH Client;C:\Program Files\TortoiseSVN\bin;C:\Program Files (x86)\Coq\bin;C:\WINDOWS\system32;C:\WINDOWS;C:\WINDOWS\System32\Wbem;C:\WINDOWS\System32\WindowsPowerShell\v1.0\;C:\Program Files (x86)\Haskell Platform\2013.2.0.0\mingw\bin;C:\Users\Abhishek\Downloads\emacs-24.3-bin-i386\emacs-24.3\bin;C:\Users\Abhishek\AppData\Roaming\cabal\bin;C:\cygwin64\bin;C:\Program Files (x86)\Git\bin;C:\Program Files (x86)\Hewlett-Packard\HP SimplePass Identity Protection\x64;C:\Program Files (x86)\Hewlett-Packard\HP SimplePass Identity Protection\;C:\Program Files (x86)\WinMerge;C:\Users\Abhishek\AppData\Roaming\cabal\bin
USERNAME=Abhishek
OS=Windows_NT
PROCESSOR_IDENTIFIER=Intel64 Family 6 Model 37 Stepping 5, GenuineIntel



---------------  S Y S T E M  ---------------

OS: Windows 8 , 64 bit Build 9200 

CPU:total 4 (2 cores per cpu, 2 threads per core) family 6 model 37 stepping 5, cmov, cx8, fxsr, mmx, sse, sse2, sse3, ssse3, sse4.1, sse4.2, popcnt, ht, tsc, tscinvbit

Memory: 4k page, physical 8174980k(3957744k free), swap 9485700k(4323660k free)

vm_info: Java HotSpot(TM) 64-Bit Server VM (23.6-b04) for windows-amd64 JRE (1.7.0_11-b21), built on Jan 12 2013 02:38:42 by "java_re" with unknown MS VC++:1600

time: Sun Oct 06 13:57:58 2013
elapsed time: 37614 seconds

